Build started 10/28/2014 4:29:50 PM.
     1>Project "D:\Projects\EvoImages\EvoImages\EvoImages.vcxproj" on node 2 (rebuild target(s)).
     1>_PrepareForClean:
         Deleting file "Debug\EvoImages.lastbuildstate".
       InitializeBuildStatus:
         Touching "Debug\EvoImages.unsuccessfulbuild".
       ClCompile:
         d:\Programs\Microsoft Visual Studio 10.0\VC\bin\CL.exe /c /ZI /nologo /W3 /WX- /Od /Oy- /D WIN32 /D _DEBUG /D _WINDOWS /D _MBCS /Gm /EHsc /RTC1 /MTd /GS /fp:precise /Zc:wchar_t /Zc:forScope /Fo"Debug\\" /Fd"Debug\vc100.pdb" /Gd /TP /analyze- /errorReport:prompt Camera.cpp Engine.cpp Game.cpp Input.cpp Renderer.cpp TextRenderer.cpp Time.cpp Tree.cpp TreeNode.cpp
         TreeNode.cpp
         Tree.cpp
         Time.cpp
         d:\programs\microsoft directx sdk (june 2010)\include\dinput.h: DIRECTINPUT_VERSION undefined. Defaulting to version 0x0800
         TextRenderer.cpp
         d:\programs\microsoft directx sdk (june 2010)\include\dinput.h: DIRECTINPUT_VERSION undefined. Defaulting to version 0x0800
         Renderer.cpp
         d:\programs\microsoft directx sdk (june 2010)\include\dinput.h: DIRECTINPUT_VERSION undefined. Defaulting to version 0x0800
         Input.cpp
         d:\programs\microsoft directx sdk (june 2010)\include\dinput.h: DIRECTINPUT_VERSION undefined. Defaulting to version 0x0800
         Game.cpp
         d:\programs\microsoft directx sdk (june 2010)\include\dinput.h: DIRECTINPUT_VERSION undefined. Defaulting to version 0x0800
         Engine.cpp
         d:\programs\microsoft directx sdk (june 2010)\include\dinput.h: DIRECTINPUT_VERSION undefined. Defaulting to version 0x0800
         Camera.cpp
         d:\programs\microsoft directx sdk (june 2010)\include\dinput.h: DIRECTINPUT_VERSION undefined. Defaulting to version 0x0800
         Generating Code...
       ManifestResourceCompile:
         C:\Program Files (x86)\Microsoft SDKs\Windows\v7.0A\bin\rc.exe /nologo /fo"Debug\EvoImages.exe.embed.manifest.res" Debug\EvoImages_manifest.rc 
       Link:
         d:\Programs\Microsoft Visual Studio 10.0\VC\bin\link.exe /ERRORREPORT:PROMPT /OUT:"D:\Projects\EvoImages\Debug\EvoImages.exe" /INCREMENTAL /NOLOGO kernel32.lib user32.lib gdi32.lib winspool.lib comdlg32.lib advapi32.lib shell32.lib ole32.lib oleaut32.lib uuid.lib odbc32.lib odbccp32.lib /MANIFEST /ManifestFile:"Debug\EvoImages.exe.intermediate.manifest" /MANIFESTUAC:"level='asInvoker' uiAccess='false'" /DEBUG /PDB:"D:\Projects\EvoImages\Debug\EvoImages.pdb" /SUBSYSTEM:WINDOWS /TLBID:1 /DYNAMICBASE /NXCOMPAT /IMPLIB:"D:\Projects\EvoImages\Debug\EvoImages.lib" /MACHINE:X86 Debug\EvoImages.exe.embed.manifest.res
         Debug\Camera.obj
         Debug\Engine.obj
         Debug\Game.obj
         Debug\Input.obj
         Debug\Renderer.obj
         Debug\TextRenderer.obj
         Debug\Time.obj
         Debug\Tree.obj
         Debug\TreeNode.obj
       Manifest:
         Deleting file "Debug\EvoImages.exe.embed.manifest".
         C:\Program Files (x86)\Microsoft SDKs\Windows\v7.0A\bin\mt.exe /nologo /verbose /out:"Debug\EvoImages.exe.embed.manifest" /manifest Debug\EvoImages.exe.intermediate.manifest
         C:\Program Files (x86)\Microsoft SDKs\Windows\v7.0A\bin\rc.exe /nologo /fo"Debug\EvoImages.exe.embed.manifest.res" Debug\EvoImages_manifest.rc 
       LinkEmbedManifest:
         d:\Programs\Microsoft Visual Studio 10.0\VC\bin\link.exe /ERRORREPORT:PROMPT /OUT:"D:\Projects\EvoImages\Debug\EvoImages.exe" /INCREMENTAL /NOLOGO kernel32.lib user32.lib gdi32.lib winspool.lib comdlg32.lib advapi32.lib shell32.lib ole32.lib oleaut32.lib uuid.lib odbc32.lib odbccp32.lib /MANIFEST /ManifestFile:"Debug\EvoImages.exe.intermediate.manifest" /MANIFESTUAC:"level='asInvoker' uiAccess='false'" /DEBUG /PDB:"D:\Projects\EvoImages\Debug\EvoImages.pdb" /SUBSYSTEM:WINDOWS /TLBID:1 /DYNAMICBASE /NXCOMPAT /IMPLIB:"D:\Projects\EvoImages\Debug\EvoImages.lib" /MACHINE:X86 Debug\EvoImages.exe.embed.manifest.res
         Debug\Camera.obj
         Debug\Engine.obj
         Debug\Game.obj
         Debug\Input.obj
         Debug\Renderer.obj
         Debug\TextRenderer.obj
         Debug\Time.obj
         Debug\Tree.obj
         Debug\TreeNode.obj
         EvoImages.vcxproj -> D:\Projects\EvoImages\Debug\EvoImages.exe
       FinalizeBuildStatus:
         Deleting file "Debug\EvoImages.unsuccessfulbuild".
         Touching "Debug\EvoImages.lastbuildstate".
     1>Done Building Project "D:\Projects\EvoImages\EvoImages\EvoImages.vcxproj" (rebuild target(s)).

Build succeeded.

Time Elapsed 00:00:18.76
